Using pre-set license
Built from '2022.3/staging' branch; Version is '2022.3.45f1 (a13dfa44d684) revision 10567162'; Using compiler version '192829333'; Build Type 'Release'
OS: 'Windows 11  (10.0.26100) 64bit Professional' Language: 'zh' Physical Memory: 32692 MB
BatchMode: 1, IsHumanControllingUs: 0, StartBugReporterOnCrash: 0, Is64bit: 1, IsPro: 1

COMMAND LINE ARGUMENTS:
E:\UnityEngine\2022.3.45f1\Editor\Unity.exe
-adb2
-batchMode
-noUpm
-name
AssetImportWorker0
-projectPath
F:/CSharp/SSR_SolarSystemRepublicCore/src/SSR.UnityComponent
-logFile
Logs/AssetImportWorker0.log
-srvPort
64041
Successfully changed project path to: F:/CSharp/SSR_SolarSystemRepublicCore/src/SSR.UnityComponent
F:/CSharp/SSR_SolarSystemRepublicCore/src/SSR.UnityComponent
[UnityMemory] Configuration Parameters - Can be set up in boot.config
    "memorysetup-bucket-allocator-granularity=16"
    "memorysetup-bucket-allocator-bucket-count=8"
    "memorysetup-bucket-allocator-block-size=33554432"
    "memorysetup-bucket-allocator-block-count=8"
    "memorysetup-main-allocator-block-size=16777216"
    "memorysetup-thread-allocator-block-size=16777216"
    "memorysetup-gfx-main-allocator-block-size=16777216"
    "memorysetup-gfx-thread-allocator-block-size=16777216"
    "memorysetup-cache-allocator-block-size=4194304"
    "memorysetup-typetree-allocator-block-size=2097152"
    "memorysetup-profiler-bucket-allocator-granularity=16"
    "memorysetup-profiler-bucket-allocator-bucket-count=8"
    "memorysetup-profiler-bucket-allocator-block-size=33554432"
    "memorysetup-profiler-bucket-allocator-block-count=8"
    "memorysetup-profiler-allocator-block-size=16777216"
    "memorysetup-profiler-editor-allocator-block-size=1048576"
    "memorysetup-temp-allocator-size-main=16777216"
    "memorysetup-job-temp-allocator-block-size=2097152"
    "memorysetup-job-temp-allocator-block-size-background=1048576"
    "memorysetup-job-temp-allocator-reduction-small-platforms=262144"
    "memorysetup-allocator-temp-initial-block-size-main=262144"
    "memorysetup-allocator-temp-initial-block-size-worker=262144"
    "memorysetup-temp-allocator-size-background-worker=32768"
    "memorysetup-temp-allocator-size-job-worker=262144"
    "memorysetup-temp-allocator-size-preload-manager=33554432"
    "memorysetup-temp-allocator-size-nav-mesh-worker=65536"
    "memorysetup-temp-allocator-size-audio-worker=65536"
    "memorysetup-temp-allocator-size-cloud-worker=32768"
    "memorysetup-temp-allocator-size-gi-baking-worker=262144"
    "memorysetup-temp-allocator-size-gfx=262144"
Player connection [35364]  Target information:

Player connection [35364]  * "[IP] 172.17.144.1 [Port] 0 [Flags] 2 [Guid] 2883508916 [EditorId] 2883508916 [Version] 1048832 [Id] WindowsEditor(7,DESKTOP-9O7K5DP) [Debug] 1 [PackageName] WindowsEditor [ProjectName] Editor" 

Player connection [35364]  * "[IP] 169.254.216.88 [Port] 0 [Flags] 2 [Guid] 2883508916 [EditorId] 2883508916 [Version] 1048832 [Id] WindowsEditor(7,DESKTOP-9O7K5DP) [Debug] 1 [PackageName] WindowsEditor [ProjectName] Editor" 

Player connection [35364]  * "[IP] 192.168.150.1 [Port] 0 [Flags] 2 [Guid] 2883508916 [EditorId] 2883508916 [Version] 1048832 [Id] WindowsEditor(7,DESKTOP-9O7K5DP) [Debug] 1 [PackageName] WindowsEditor [ProjectName] Editor" 

Player connection [35364]  * "[IP] 192.168.220.1 [Port] 0 [Flags] 2 [Guid] 2883508916 [EditorId] 2883508916 [Version] 1048832 [Id] WindowsEditor(7,DESKTOP-9O7K5DP) [Debug] 1 [PackageName] WindowsEditor [ProjectName] Editor" 

Player connection [35364]  * "[IP] 192.168.43.176 [Port] 0 [Flags] 2 [Guid] 2883508916 [EditorId] 2883508916 [Version] 1048832 [Id] WindowsEditor(7,DESKTOP-9O7K5DP) [Debug] 1 [PackageName] WindowsEditor [ProjectName] Editor" 

Player connection [35364] Host joined multi-casting on [225.0.0.222:54997]...
Player connection [35364] Host joined alternative multi-casting on [225.0.0.222:34997]...
[PhysX] Initialized MultithreadedTaskDispatcher with 12 workers.
Refreshing native plugins compatible for Editor in 9.90 ms, found 2 plugins.
Preloading 0 native plugins for Editor in 0.00 ms.
Initialize engine version: 2022.3.45f1 (a13dfa44d684)
[Subsystems] Discovering subsystems at path E:/UnityEngine/2022.3.45f1/Editor/Data/Resources/UnitySubsystems
[Subsystems] Discovering subsystems at path F:/CSharp/SSR_SolarSystemRepublicCore/src/SSR.UnityComponent/Assets
GfxDevice: creating device client; threaded=0; jobified=0
Direct3D:
    Version:  Direct3D 11.0 [level 11.1]
    Renderer: NVIDIA GeForce GTX 1080 (ID=0x1b80)
    Vendor:   NVIDIA
    VRAM:     8059 MB
    Driver:   32.0.15.6590
Initialize mono
Mono path[0] = 'E:/UnityEngine/2022.3.45f1/Editor/Data/Managed'
Mono path[1] = 'E:/UnityEngine/2022.3.45f1/Editor/Data/MonoBleedingEdge/lib/mono/unityjit-win32'
Mono config path = 'E:/UnityEngine/2022.3.45f1/Editor/Data/MonoBleedingEdge/etc'
Using monoOptions --debugger-agent=transport=dt_socket,embedding=1,server=y,suspend=n,address=127.0.0.1:56948
Begin MonoManager ReloadAssembly
Registering precompiled unity dll's ...
Register platform support module: E:/UnityEngine/2022.3.45f1/Editor/Data/PlaybackEngines/WindowsStandaloneSupport/UnityEditor.WindowsStandalone.Extensions.dll
Registered in 0.004394 seconds.
- Loaded All Assemblies, in  0.355 seconds
Native extension for WindowsStandalone target not found
Mono: successfully reloaded assembly
- Finished resetting the current domain, in  0.268 seconds
Domain Reload Profiling: 622ms
	BeginReloadAssembly (104ms)
		ExecutionOrderSort (0ms)
		DisableScriptedObjects (0ms)
		BackupInstance (0ms)
		ReleaseScriptingObjects (0ms)
		CreateAndSetChildDomain (1ms)
	RebuildCommonClasses (37ms)
	RebuildNativeTypeToScriptingClass (11ms)
	initialDomainReloadingComplete (50ms)
	LoadAllAssembliesAndSetupDomain (152ms)
		LoadAssemblies (104ms)
		RebuildTransferFunctionScriptingTraits (0ms)
		AnalyzeDomain (150ms)
			TypeCache.Refresh (148ms)
				TypeCache.ScanAssembly (134ms)
			ScanForSourceGeneratedMonoScriptInfo (0ms)
			ResolveRequiredComponents (0ms)
	FinalizeReload (268ms)
		ReleaseScriptCaches (0ms)
		RebuildScriptCaches (0ms)
		SetupLoadedEditorAssemblies (219ms)
			LogAssemblyErrors (0ms)
			InitializePlatformSupportModulesInManaged (9ms)
			SetLoadedEditorAssemblies (8ms)
			RefreshPlugins (0ms)
			BeforeProcessingInitializeOnLoad (2ms)
			ProcessInitializeOnLoadAttributes (151ms)
			ProcessInitializeOnLoadMethodAttributes (48ms)
			AfterProcessingInitializeOnLoad (0ms)
			EditorAssembliesLoaded (0ms)
		ExecutionOrderSort2 (0ms)
		AwakeInstancesAfterBackupRestoration (0ms)
========================================================================
Worker process is ready to serve import requests
Caller must complete domain reload
Begin MonoManager ReloadAssembly
- Loaded All Assemblies, in  0.529 seconds
Native extension for WindowsStandalone target not found
Package Manager log level set to [2]
[Package Manager] Server::EnsureServerProcessIsRunning -- launch failed, reason: Unity was launched with the -noUpm command-line argument
[Package Manager] UpmClient::Send -- Unable to send message (not connected to UPM process).
[Package Manager] Cannot connect to Unity Package Manager local server
Mono: successfully reloaded assembly
- Finished resetting the current domain, in  0.612 seconds
Domain Reload Profiling: 1138ms
	BeginReloadAssembly (151ms)
		ExecutionOrderSort (0ms)
		DisableScriptedObjects (6ms)
		BackupInstance (0ms)
		ReleaseScriptingObjects (0ms)
		CreateAndSetChildDomain (24ms)
	RebuildCommonClasses (40ms)
	RebuildNativeTypeToScriptingClass (14ms)
	initialDomainReloadingComplete (25ms)
	LoadAllAssembliesAndSetupDomain (295ms)
		LoadAssemblies (290ms)
		RebuildTransferFunctionScriptingTraits (0ms)
		AnalyzeDomain (90ms)
			TypeCache.Refresh (78ms)
				TypeCache.ScanAssembly (67ms)
			ScanForSourceGeneratedMonoScriptInfo (8ms)
			ResolveRequiredComponents (2ms)
	FinalizeReload (613ms)
		ReleaseScriptCaches (0ms)
		RebuildScriptCaches (0ms)
		SetupLoadedEditorAssemblies (478ms)
			LogAssemblyErrors (0ms)
			InitializePlatformSupportModulesInManaged (5ms)
			SetLoadedEditorAssemblies (4ms)
			RefreshPlugins (0ms)
			BeforeProcessingInitializeOnLoad (68ms)
			ProcessInitializeOnLoadAttributes (374ms)
			ProcessInitializeOnLoadMethodAttributes (25ms)
			AfterProcessingInitializeOnLoad (2ms)
			EditorAssembliesLoaded (0ms)
		ExecutionOrderSort2 (0ms)
		AwakeInstancesAfterBackupRestoration (7ms)
Launched and connected shader compiler UnityShaderCompiler.exe after 0.15 seconds
Refreshing native plugins compatible for Editor in 6.33 ms, found 2 plugins.
Preloading 0 native plugins for Editor in 0.00 ms.
Unloading 1457 Unused Serialized files (Serialized files now loaded: 0)
Unloading 13 unused Assets / (24.6 KB). Loaded Objects now: 1939.
Memory consumption went from 84.3 MB to 84.2 MB.
Total: 4.178500 ms (FindLiveObjects: 0.384700 ms CreateObjectMapping: 0.059900 ms MarkObjects: 3.659900 ms  DeleteObjects: 0.072100 ms)

AssetImportParameters requested are different than current active one (requested -> active):
  custom:video-encoder-webm-vp8: eb34c28f22e8b96e1ab97ce403110664 -> 
  custom:video-decoder-webm-vp8: 9c59270c3fd7afecdb556c50c9e8de78 -> 
  custom:audio-decoder-ogg-vorbis: bf7c407c2cedff20999df2af8eb42d56 -> 
  custom:SearchIndexIgnoredProperties: e643bd26f0fe6173181afceb89e7c659 -> 
  custom:container-demuxer-ogg: 62fdf1f143b41e24485cea50d1cbac27 -> 
  custom:AudioImporter_EditorPlatform: d09bf68614088b80899f8185d706f6e7 -> 
  custom:CustomObjectIndexerAttribute: 9a22284fe3817be447336de3de66b15e -> 
  custom:container-demuxer-webm: 4f35f7cbe854078d1ac9338744f61a02 -> 
  custom:video-decoder-ogg-theora: a1e56fd34408186e4bbccfd4996cb3dc -> 
  custom:audio-encoder-webm-vorbis: bf7c407c2cedff20999df2af8eb42d56 -> 
  custom:framework-win-MediaFoundation: 216162199b28c13a410421893ffa2e32 -> 
  custom:container-muxer-webm: aa71ff27fc2769a1b78a27578f13a17b -> 
========================================================================
Received Import Request.
  Time since last request: 5350.471946 seconds.
  path: Assets/Main.asmdef
  artifactKey: Guid(48b20e4f28d3bda409ac1cf208e6120b) Importer(815301076,1909f56bfc062723c751e8b465ee728b)
Start importing Assets/Main.asmdef using Guid(48b20e4f28d3bda409ac1cf208e6120b) Importer(815301076,1909f56bfc062723c751e8b465ee728b) [PhysX] Initialized MultithreadedTaskDispatcher with 12 workers.
 -> (artifact id: '769c34a5ce4b24193f316960cf6f85de') in 0.004961 seconds
Number of updated asset objects reloaded before import = 0
Number of asset objects unloaded after import = 0
========================================================================
Received Import Request.
  Time since last request: 28.022676 seconds.
  path: Assets/SSR
  artifactKey: Guid(2a0d2711667d9e84c9fb8502d6b973d7) Importer(815301076,1909f56bfc062723c751e8b465ee728b)
Start importing Assets/SSR using Guid(2a0d2711667d9e84c9fb8502d6b973d7) Importer(815301076,1909f56bfc062723c751e8b465ee728b) [PhysX] Initialized MultithreadedTaskDispatcher with 12 workers.
 -> (artifact id: '498b398ed45d7c4fbfb4f3ee0cd2b58f') in 0.000718 seconds
Number of updated asset objects reloaded before import = 0
Number of asset objects unloaded after import = 0
========================================================================
Received Import Request.
  Time since last request: 0.225547 seconds.
  path: Assets/SSR/SSR.UnityComponent.asmdef
  artifactKey: Guid(5a89efad7a8af3640bc1340f30c070cf) Importer(815301076,1909f56bfc062723c751e8b465ee728b)
Start importing Assets/SSR/SSR.UnityComponent.asmdef using Guid(5a89efad7a8af3640bc1340f30c070cf) Importer(815301076,1909f56bfc062723c751e8b465ee728b) [PhysX] Initialized MultithreadedTaskDispatcher with 12 workers.
 -> (artifact id: 'b4ac1d4d9b5aeb3c38267a97f1c25cc3') in 0.000819 seconds
Number of updated asset objects reloaded before import = 0
Number of asset objects unloaded after import = 0
========================================================================
Received Import Request.
  Time since last request: 1.155606 seconds.
  path: Assets/SSR/Prefab
  artifactKey: Guid(dc8eb01dfcfb06d4eaca7ba5a880ddc7) Importer(815301076,1909f56bfc062723c751e8b465ee728b)
Start importing Assets/SSR/Prefab using Guid(dc8eb01dfcfb06d4eaca7ba5a880ddc7) Importer(815301076,1909f56bfc062723c751e8b465ee728b) [PhysX] Initialized MultithreadedTaskDispatcher with 12 workers.
 -> (artifact id: 'a4f2771386d13738b112252ec27e9734') in 0.000628 seconds
Number of updated asset objects reloaded before import = 0
Number of asset objects unloaded after import = 0
========================================================================
Received Import Request.
  Time since last request: 0.066993 seconds.
  path: Assets/SSR/Prefab/MinerT1.prefab
  artifactKey: Guid(5a8ae473dde472f4daf995d7d9f789f0) Importer(815301076,1909f56bfc062723c751e8b465ee728b)
Start importing Assets/SSR/Prefab/MinerT1.prefab using Guid(5a8ae473dde472f4daf995d7d9f789f0) Importer(815301076,1909f56bfc062723c751e8b465ee728b) [PhysX] Initialized MultithreadedTaskDispatcher with 12 workers.
[PhysX] Initialized MultithreadedTaskDispatcher with 12 workers.
 -> (artifact id: '36dcb19405ab17a4f260afe8333d89d1') in 0.192910 seconds
Number of updated asset objects reloaded before import = 0
Number of asset objects unloaded after import = 135
========================================================================
Received Import Request.
  Time since last request: 0.131268 seconds.
  path: Assets/SSR/Prefab/ThermalPower.prefab
  artifactKey: Guid(46d5a3899d4742c4b8a9cacb2a1f773d) Importer(815301076,1909f56bfc062723c751e8b465ee728b)
Start importing Assets/SSR/Prefab/ThermalPower.prefab using Guid(46d5a3899d4742c4b8a9cacb2a1f773d) Importer(815301076,1909f56bfc062723c751e8b465ee728b) [PhysX] Initialized MultithreadedTaskDispatcher with 12 workers.
[PhysX] Initialized MultithreadedTaskDispatcher with 12 workers.
 -> (artifact id: '9b5da24e2dd58ba91775b430ca80ce73') in 0.045493 seconds
Number of updated asset objects reloaded before import = 0
Number of asset objects unloaded after import = 30
========================================================================
Received Import Request.
  Time since last request: 0.000023 seconds.
  path: Assets/SSR/Prefab/WindTurbineT1.prefab
  artifactKey: Guid(cd706a8121dacfe47a0cb52c564eaa3b) Importer(815301076,1909f56bfc062723c751e8b465ee728b)
Start importing Assets/SSR/Prefab/WindTurbineT1.prefab using Guid(cd706a8121dacfe47a0cb52c564eaa3b) Importer(815301076,1909f56bfc062723c751e8b465ee728b) [PhysX] Initialized MultithreadedTaskDispatcher with 12 workers.
[PhysX] Initialized MultithreadedTaskDispatcher with 12 workers.
 -> (artifact id: '800e009c7f8a3a0221f8469eea71b57f') in 0.026384 seconds
Number of updated asset objects reloaded before import = 0
Number of asset objects unloaded after import = 31
========================================================================
Received Import Request.
  Time since last request: 0.000016 seconds.
  path: Assets/SSR/Prefab/WindTurbineT2.prefab
  artifactKey: Guid(52ee3f2f8f126334f8e5ae2af678857b) Importer(815301076,1909f56bfc062723c751e8b465ee728b)
Start importing Assets/SSR/Prefab/WindTurbineT2.prefab using Guid(52ee3f2f8f126334f8e5ae2af678857b) Importer(815301076,1909f56bfc062723c751e8b465ee728b) [PhysX] Initialized MultithreadedTaskDispatcher with 12 workers.
[PhysX] Initialized MultithreadedTaskDispatcher with 12 workers.
 -> (artifact id: '1dcf882ca5fe01e1cfde01254ab6de67') in 0.026483 seconds
Number of updated asset objects reloaded before import = 0
Number of asset objects unloaded after import = 80
========================================================================
Received Import Request.
  Time since last request: 0.000022 seconds.
  path: Assets/SSR/Prefab/MinerT3.prefab
  artifactKey: Guid(f0c7baf9f78283c4681f190a2ccace72) Importer(815301076,1909f56bfc062723c751e8b465ee728b)
Start importing Assets/SSR/Prefab/MinerT3.prefab using Guid(f0c7baf9f78283c4681f190a2ccace72) Importer(815301076,1909f56bfc062723c751e8b465ee728b) [PhysX] Initialized MultithreadedTaskDispatcher with 12 workers.
[PhysX] Initialized MultithreadedTaskDispatcher with 12 workers.
 -> (artifact id: 'dbc669c8c95a5310eed9bf4e298965c3') in 0.029259 seconds
Number of updated asset objects reloaded before import = 0
Number of asset objects unloaded after import = 37
Editor requested this worker to shutdown with reason: Scaling down because of idle timeout
TcpMessagingSession - receive error: operation aborted. errorcode: 995, details: 由于线程退出或应用程序请求，已中止 I/O 操作。
AssetImportWorker is now disconnected from the server
Process exiting
Exiting without the bug reporter. Application will terminate with return code 0